<?xml version="1.0" encoding="UTF-8" ?>
<testsuite tests="2" failures="2" name="TestSuite" time="16.586" errors="0" skipped="0">
  <properties>
[...]
</properties>
  <testcase classname="package_tests.SearchForProductsTest" name="searchForProduct" time="2.547">
    <failure message="no such element
  (Session info: chrome=51.0.2704.103)
  (Driver info: chromedriver=2.8.241075,platform=Windows NT 6.1 SP1 x86_64) (WARNING: The server did not provide any stacktrace information)
Command duration or timeout: 356 milliseconds
For documentation on this error, please visit: http://seleniumhq.org/exceptions/no_such_element.html
Build info: version: &apos;2.48.2&apos;, revision: &apos;41bccdd10cf2c0560f637404c2d96164b67d9d67&apos;, time: &apos;2015-10-09 13:08:06&apos;
System info: host: &apos;PA3L2TRHVY1&apos;, ip: &apos;10.21.104.69&apos;, os.name: &apos;Windows 7&apos;, os.arch: &apos;amd64&apos;, os.version: &apos;6.1&apos;, java.version: &apos;1.8.0_101&apos;
Driver info: org.openqa.selenium.chrome.ChromeDriver
Capabilities [{applicationCacheEnabled=false, rotatable=false, chrome={userDataDir=C:\Users\dgm9075\AppData\Local\Temp\scoped_dir2620_18341}, takesHeapSnapshot=true, databaseEnabled=false, handlesAlerts=true, version=51.0.2704.103, platform=XP, browserConnectionEnabled=false, nativeEvents=true, acceptSslCerts=true, locationContextEnabled=true, webStorageEnabled=true, browserName=chrome, takesScreenshot=true, javascriptEnabled=true, cssSelectorsEnabled=true}]
Session ID: 57d55aeb0c77692bcfdd9fb7407645ee
*** Element info: {Using=css selector, value=.listingscnt}" type="org.openqa.selenium.NoSuchElementException">org.openqa.selenium.NoSuchElementException: no such element
  (Session info: chrome=51.0.2704.103)
  (Driver info: chromedriver=2.8.241075,platform=Windows NT 6.1 SP1 x86_64) (WARNING: The server did not provide any stacktrace information)
Command duration or timeout: 356 milliseconds
For documentation on this error, please visit: http://seleniumhq.org/exceptions/no_such_element.html
Build info: version: &apos;2.48.2&apos;, revision: &apos;41bccdd10cf2c0560f637404c2d96164b67d9d67&apos;, time: &apos;2015-10-09 13:08:06&apos;
System info: host: &apos;PA3L2TRHVY1&apos;, ip: &apos;10.21.104.69&apos;, os.name: &apos;Windows 7&apos;, os.arch: &apos;amd64&apos;, os.version: &apos;6.1&apos;, java.version: &apos;1.8.0_101&apos;
Driver info: org.openqa.selenium.chrome.ChromeDriver
Capabilities [{applicationCacheEnabled=false, rotatable=false, chrome={userDataDir=C:\Users\dgm9075\AppData\Local\Temp\scoped_dir2620_18341}, takesHeapSnapshot=true, databaseEnabled=false, handlesAlerts=true, version=51.0.2704.103, platform=XP, browserConnectionEnabled=false, nativeEvents=true, acceptSslCerts=true, locationContextEnabled=true, webStorageEnabled=true, browserName=chrome, takesScreenshot=true, javascriptEnabled=true, cssSelectorsEnabled=true}]
Session ID: 57d55aeb0c77692bcfdd9fb7407645ee
*** Element info: {Using=css selector, value=.listingscnt}
	at sun.reflect.NativeConstructorAccessorImpl.newInstance0(Native Method)
	at sun.reflect.NativeConstructorAccessorImpl.newInstance(NativeConstructorAccessorImpl.java:62)
	at sun.reflect.DelegatingConstructorAccessorImpl.newInstance(DelegatingConstructorAccessorImpl.java:45)
	at java.lang.reflect.Constructor.newInstance(Constructor.java:423)
	at org.openqa.selenium.remote.ErrorHandler.createThrowable(ErrorHandler.java:206)
	at org.openqa.selenium.remote.ErrorHandler.throwIfResponseFailed(ErrorHandler.java:158)
	at org.openqa.selenium.remote.RemoteWebDriver.execute(RemoteWebDriver.java:647)
	at org.openqa.selenium.remote.RemoteWebDriver.findElement(RemoteWebDriver.java:353)
	at org.openqa.selenium.remote.RemoteWebDriver.findElementByCssSelector(RemoteWebDriver.java:482)
	at org.openqa.selenium.By$ByCssSelector.findElement(By.java:430)
	at org.openqa.selenium.remote.RemoteWebDriver.findElement(RemoteWebDriver.java:345)
	at package_pageobjects.SearchResultsPage.verifyResultsReturn(SearchResultsPage.java:28)
	at package_tests.SearchForProductsTest.searchForProduct(SearchForProductsTest.java:79)
</failure>
  </testcase>
  <testcase classname="package_tests.SearchForProductsTest" name="searchForProduct" time="1.954">
    <failure message="no such element
  (Session info: chrome=51.0.2704.103)
  (Driver info: chromedriver=2.8.241075,platform=Windows NT 6.1 SP1 x86_64) (WARNING: The server did not provide any stacktrace information)
Command duration or timeout: 1.34 seconds
For documentation on this error, please visit: http://seleniumhq.org/exceptions/no_such_element.html
Build info: version: &apos;2.48.2&apos;, revision: &apos;41bccdd10cf2c0560f637404c2d96164b67d9d67&apos;, time: &apos;2015-10-09 13:08:06&apos;
System info: host: &apos;PA3L2TRHVY1&apos;, ip: &apos;10.21.104.69&apos;, os.name: &apos;Windows 7&apos;, os.arch: &apos;amd64&apos;, os.version: &apos;6.1&apos;, java.version: &apos;1.8.0_101&apos;
Driver info: org.openqa.selenium.chrome.ChromeDriver
Capabilities [{applicationCacheEnabled=false, rotatable=false, chrome={userDataDir=C:\Users\dgm9075\AppData\Local\Temp\scoped_dir2620_18341}, takesHeapSnapshot=true, databaseEnabled=false, handlesAlerts=true, version=51.0.2704.103, platform=XP, browserConnectionEnabled=false, nativeEvents=true, acceptSslCerts=true, locationContextEnabled=true, webStorageEnabled=true, browserName=chrome, takesScreenshot=true, javascriptEnabled=true, cssSelectorsEnabled=true}]
Session ID: 57d55aeb0c77692bcfdd9fb7407645ee
*** Element info: {Using=css selector, value=.listingscnt}" type="org.openqa.selenium.NoSuchElementException">org.openqa.selenium.NoSuchElementException: no such element
  (Session info: chrome=51.0.2704.103)
  (Driver info: chromedriver=2.8.241075,platform=Windows NT 6.1 SP1 x86_64) (WARNING: The server did not provide any stacktrace information)
Command duration or timeout: 1.34 seconds
For documentation on this error, please visit: http://seleniumhq.org/exceptions/no_such_element.html
Build info: version: &apos;2.48.2&apos;, revision: &apos;41bccdd10cf2c0560f637404c2d96164b67d9d67&apos;, time: &apos;2015-10-09 13:08:06&apos;
System info: host: &apos;PA3L2TRHVY1&apos;, ip: &apos;10.21.104.69&apos;, os.name: &apos;Windows 7&apos;, os.arch: &apos;amd64&apos;, os.version: &apos;6.1&apos;, java.version: &apos;1.8.0_101&apos;
Driver info: org.openqa.selenium.chrome.ChromeDriver
Capabilities [{applicationCacheEnabled=false, rotatable=false, chrome={userDataDir=C:\Users\dgm9075\AppData\Local\Temp\scoped_dir2620_18341}, takesHeapSnapshot=true, databaseEnabled=false, handlesAlerts=true, version=51.0.2704.103, platform=XP, browserConnectionEnabled=false, nativeEvents=true, acceptSslCerts=true, locationContextEnabled=true, webStorageEnabled=true, browserName=chrome, takesScreenshot=true, javascriptEnabled=true, cssSelectorsEnabled=true}]
Session ID: 57d55aeb0c77692bcfdd9fb7407645ee
*** Element info: {Using=css selector, value=.listingscnt}
	at sun.reflect.NativeConstructorAccessorImpl.newInstance0(Native Method)
	at sun.reflect.NativeConstructorAccessorImpl.newInstance(NativeConstructorAccessorImpl.java:62)
	at sun.reflect.DelegatingConstructorAccessorImpl.newInstance(DelegatingConstructorAccessorImpl.java:45)
	at java.lang.reflect.Constructor.newInstance(Constructor.java:423)
	at org.openqa.selenium.remote.ErrorHandler.createThrowable(ErrorHandler.java:206)
	at org.openqa.selenium.remote.ErrorHandler.throwIfResponseFailed(ErrorHandler.java:158)
	at org.openqa.selenium.remote.RemoteWebDriver.execute(RemoteWebDriver.java:647)
	at org.openqa.selenium.remote.RemoteWebDriver.findElement(RemoteWebDriver.java:353)
	at org.openqa.selenium.remote.RemoteWebDriver.findElementByCssSelector(RemoteWebDriver.java:482)
	at org.openqa.selenium.By$ByCssSelector.findElement(By.java:430)
	at org.openqa.selenium.remote.RemoteWebDriver.findElement(RemoteWebDriver.java:345)
	at package_pageobjects.SearchResultsPage.verifyResultsReturn(SearchResultsPage.java:28)
	at package_tests.SearchForProductsTest.searchForProduct(SearchForProductsTest.java:79)
</failure>
  </testcase>
</testsuite>